0 info it worked if it ends with ok
1 verbose cli [ '/usr/local/bin/node',
1 verbose cli   '/usr/local/bin/npm',
1 verbose cli   'publish',
1 verbose cli   './',
1 verbose cli   '--tag',
1 verbose cli   'beta' ]
2 info using npm@3.8.6
3 info using node@v6.1.0
4 verbose publish [ './' ]
5 silly cache add args [ './', null ]
6 verbose cache add spec ./
7 silly cache add parsed spec Result {
7 silly cache add   raw: './',
7 silly cache add   scope: null,
7 silly cache add   name: null,
7 silly cache add   rawSpec: './',
7 silly cache add   spec: '/Users/prot/prot16/nefelio/hyperterm',
7 silly cache add   type: 'directory' }
8 verbose addLocalDirectory /Users/prot/.npm/nefelio-dark/0.1.0-beta.1/package.tgz not in flight; packing
9 verbose correctMkdir /Users/prot/.npm correctMkdir not in flight; initializing
10 info lifecycle nefelio-dark@0.1.0-beta.1~prepublish: nefelio-dark@0.1.0-beta.1
11 silly lifecycle nefelio-dark@0.1.0-beta.1~prepublish: no script for prepublish, continuing
12 verbose tar pack [ '/Users/prot/.npm/nefelio-dark/0.1.0-beta.1/package.tgz',
12 verbose tar pack   '/Users/prot/prot16/nefelio/hyperterm' ]
13 verbose tarball /Users/prot/.npm/nefelio-dark/0.1.0-beta.1/package.tgz
14 verbose folder /Users/prot/prot16/nefelio/hyperterm
15 verbose addLocalTarball adding from inside cache /Users/prot/.npm/nefelio-dark/0.1.0-beta.1/package.tgz
16 verbose correctMkdir /Users/prot/.npm correctMkdir not in flight; initializing
17 silly cache afterAdd nefelio-dark@0.1.0-beta.1
18 verbose afterAdd /Users/prot/.npm/nefelio-dark/0.1.0-beta.1/package/package.json not in flight; writing
19 verbose correctMkdir /Users/prot/.npm correctMkdir not in flight; initializing
20 verbose afterAdd /Users/prot/.npm/nefelio-dark/0.1.0-beta.1/package/package.json written
21 silly publish { name: 'nefelio-dark',
21 silly publish   repository:
21 silly publish    { type: 'git',
21 silly publish      url: 'https://github.com/protesilaos/prot16/nefelio/hyperterm' },
21 silly publish   version: '0.1.0-beta.1',
21 silly publish   description: 'HyperTerm port of the Nefelio colour scheme.',
21 silly publish   main: 'index.js',
21 silly publish   keywords: [ 'hyperterm', 'hyperterm-theme', 'colors', 'nefelio', 'dark' ],
21 silly publish   author:
21 silly publish    { name: 'Protesilaos Stavrou',
21 silly publish      email: 'public@protesilaos.com',
21 silly publish      url: 'http://www.protesilaos.com' },
21 silly publish   license: 'MIT',
21 silly publish   readme: '# EXPERIMENTAL HyperTerm port\n\nI just discovered [HyperTerm](https://hyperterm.org/). Will run tests to determine best way to port all Prot16 themes.\n',
21 silly publish   readmeFilename: 'README.md',
21 silly publish   _id: 'nefelio-dark@0.1.0-beta.1',
21 silly publish   scripts: {},
21 silly publish   _shasum: 'a898bb500270b02744fd3ec165b89767fface114',
21 silly publish   _from: '.' }
22 verbose getPublishConfig undefined
23 silly mapToRegistry name nefelio-dark
24 silly mapToRegistry using default registry
25 silly mapToRegistry registry https://registry.npmjs.org/
26 silly mapToRegistry data Result {
26 silly mapToRegistry   raw: 'nefelio-dark',
26 silly mapToRegistry   scope: null,
26 silly mapToRegistry   name: 'nefelio-dark',
26 silly mapToRegistry   rawSpec: '',
26 silly mapToRegistry   spec: 'latest',
26 silly mapToRegistry   type: 'tag' }
27 silly mapToRegistry uri https://registry.npmjs.org/nefelio-dark
28 verbose publish registryBase https://registry.npmjs.org/
29 silly publish uploading /Users/prot/.npm/nefelio-dark/0.1.0-beta.1/package.tgz
30 verbose request uri https://registry.npmjs.org/nefelio-dark
31 verbose request sending authorization for write operation
32 info attempt registry request try #1 at 11:46:28 AM
33 verbose request using bearer token for auth
34 verbose request id f461ba695c2a3948
35 http request PUT https://registry.npmjs.org/nefelio-dark
36 http 403 https://registry.npmjs.org/nefelio-dark
37 verbose headers { 'content-type': 'application/json',
37 verbose headers   'cache-control': 'max-age=300',
37 verbose headers   'content-length': '102',
37 verbose headers   'accept-ranges': 'bytes',
37 verbose headers   date: 'Tue, 19 Jul 2016 08:46:31 GMT',
37 verbose headers   via: '1.1 varnish',
37 verbose headers   connection: 'keep-alive',
37 verbose headers   'x-served-by': 'cache-lhr6335-LHR',
37 verbose headers   'x-cache': 'MISS',
37 verbose headers   'x-cache-hits': '0',
37 verbose headers   'x-timer': 'S1468917991.021600,VS0,VE939',
37 verbose headers   vary: 'Accept-Encoding' }
38 verbose request invalidating /Users/prot/.npm/registry.npmjs.org/nefelio-dark on PUT
39 error publish Failed PUT 403
40 verbose stack Error: "You cannot publish over the previously published version 0.1.0-beta.1." : nefelio-dark
40 verbose stack     at makeError (/usr/local/lib/node_modules/npm/node_modules/npm-registry-client/lib/request.js:264:12)
40 verbose stack     at CachingRegistryClient.<anonymous> (/usr/local/lib/node_modules/npm/node_modules/npm-registry-client/lib/request.js:252:14)
40 verbose stack     at Request._callback (/usr/local/lib/node_modules/npm/node_modules/npm-registry-client/lib/request.js:172:14)
40 verbose stack     at Request.self.callback (/usr/local/lib/node_modules/npm/node_modules/request/request.js:199:22)
40 verbose stack     at emitTwo (events.js:106:13)
40 verbose stack     at Request.emit (events.js:191:7)
40 verbose stack     at Request.<anonymous> (/usr/local/lib/node_modules/npm/node_modules/request/request.js:1036:10)
40 verbose stack     at emitOne (events.js:101:20)
40 verbose stack     at Request.emit (events.js:188:7)
40 verbose stack     at IncomingMessage.<anonymous> (/usr/local/lib/node_modules/npm/node_modules/request/request.js:963:12)
41 verbose statusCode 403
42 verbose pkgid nefelio-dark
43 verbose cwd /Users/prot/prot16/nefelio/hyperterm
44 error Darwin 15.5.0
45 error argv "/usr/local/bin/node" "/usr/local/bin/npm" "publish" "./" "--tag" "beta"
46 error node v6.1.0
47 error npm  v3.8.6
48 error code E403
49 error "You cannot publish over the previously published version 0.1.0-beta.1." : nefelio-dark
50 error If you need help, you may report this error at:
50 error     <https://github.com/npm/npm/issues>
51 verbose exit [ 1, true ]
